  318126218_Proyecto-Final_GPO8.cpp
C:\Users\roal0\Documents\318126218_GPO08_PROYECTOFINAL2024-2\ProyectoFinal\318126218_Proyecto-Final_GPO8.cpp(320,24): warning C4244: 'inicializando': conversión de 'double' a 'GLfloat'; posible pérdida de datos
C:\Users\roal0\Documents\318126218_GPO08_PROYECTOFINAL2024-2\ProyectoFinal\318126218_Proyecto-Final_GPO8.cpp(583,26): warning C4244: '=': conversión de 'double' a 'float'; posible pérdida de datos
C:\Users\roal0\Documents\318126218_GPO08_PROYECTOFINAL2024-2\ProyectoFinal\318126218_Proyecto-Final_GPO8.cpp(603,73): warning C4305: 'argumento': truncamiento de 'double' a 'GLfloat'
C:\Users\roal0\Documents\318126218_GPO08_PROYECTOFINAL2024-2\ProyectoFinal\318126218_Proyecto-Final_GPO8.cpp(603,65): warning C4305: 'argumento': truncamiento de 'double' a 'GLfloat'
C:\Users\roal0\Documents\318126218_GPO08_PROYECTOFINAL2024-2\ProyectoFinal\318126218_Proyecto-Final_GPO8.cpp(605,26): warning C4244: '=': conversión de 'double' a 'float'; posible pérdida de datos
C:\Users\roal0\Documents\318126218_GPO08_PROYECTOFINAL2024-2\ProyectoFinal\318126218_Proyecto-Final_GPO8.cpp(665,15): warning C4305: '+=': truncamiento de 'double' a 'float'
C:\Users\roal0\Documents\318126218_GPO08_PROYECTOFINAL2024-2\ProyectoFinal\318126218_Proyecto-Final_GPO8.cpp(672,15): warning C4305: '-=': truncamiento de 'double' a 'float'
C:\Users\roal0\Documents\318126218_GPO08_PROYECTOFINAL2024-2\ProyectoFinal\318126218_Proyecto-Final_GPO8.cpp(678,15): warning C4305: '+=': truncamiento de 'double' a 'float'
C:\Users\roal0\Documents\318126218_GPO08_PROYECTOFINAL2024-2\ProyectoFinal\318126218_Proyecto-Final_GPO8.cpp(684,15): warning C4305: '-=': truncamiento de 'double' a 'float'
C:\Users\roal0\Documents\318126218_GPO08_PROYECTOFINAL2024-2\ProyectoFinal\318126218_Proyecto-Final_GPO8.cpp(833,11): warning C4244: '=': conversión de 'double' a 'GLfloat'; posible pérdida de datos
C:\Users\roal0\Documents\318126218_GPO08_PROYECTOFINAL2024-2\ProyectoFinal\318126218_Proyecto-Final_GPO8.cpp(834,11): warning C4244: '=': conversión de 'double' a 'GLfloat'; posible pérdida de datos
C:\Users\roal0\Documents\318126218_GPO08_PROYECTOFINAL2024-2\ProyectoFinal\318126218_Proyecto-Final_GPO8.cpp(838,18): warning C4244: 'inicializando': conversión de 'double' a 'GLfloat'; posible pérdida de datos
C:\Users\roal0\Documents\318126218_GPO08_PROYECTOFINAL2024-2\ProyectoFinal\318126218_Proyecto-Final_GPO8.cpp(839,18): warning C4244: 'inicializando': conversión de 'double' a 'GLfloat'; posible pérdida de datos
C:\Users\roal0\Documents\318126218_GPO08_PROYECTOFINAL2024-2\ProyectoFinal\318126218_Proyecto-Final_GPO8.cpp(841,10): warning C4244: '=': conversión de 'double' a 'GLfloat'; posible pérdida de datos
C:\Users\roal0\Documents\318126218_GPO08_PROYECTOFINAL2024-2\ProyectoFinal\318126218_Proyecto-Final_GPO8.cpp(842,10): warning C4244: '=': conversión de 'double' a 'GLfloat'; posible pérdida de datos
soil2-debug.lib(SOIL2.obj) : warning LNK4075: se omite '/EDITANDCONTINUE' debido a la especificación '/OPT:ICF'
LINK : warning LNK4098: la biblioteca predeterminada'MSVCRTD' entra en conflicto con otras bibliotecas; use la biblioteca /NODEFAULTLIB:biblioteca
  Generando código
  Previous IPDB not found, fall back to full compilation.
  All 629 functions were compiled because no usable IPDB/IOBJ from previous compilation was found.
  Generación de código finalizada
soil2-debug.lib(etc1_utils.obj) : warning LNK4099: no se encontró PDB '' con 'soil2-debug.lib(etc1_utils.obj)' o en ''; se vinculará el objeto sin tener en cuenta información de depuración
soil2-debug.lib(image_DXT.obj) : warning LNK4099: no se encontró PDB '' con 'soil2-debug.lib(image_DXT.obj)' o en ''; se vinculará el objeto sin tener en cuenta información de depuración
soil2-debug.lib(image_helper.obj) : warning LNK4099: no se encontró PDB '' con 'soil2-debug.lib(image_helper.obj)' o en ''; se vinculará el objeto sin tener en cuenta información de depuración
soil2-debug.lib(SOIL2.obj) : warning LNK4099: no se encontró PDB '' con 'soil2-debug.lib(SOIL2.obj)' o en ''; se vinculará el objeto sin tener en cuenta información de depuración
  ProyectoFinal.vcxproj -> C:\Users\roal0\Documents\318126218_GPO08_PROYECTOFINAL2024-2\Release\ProyectoFinal.exe
