  318126218_ProyectoFinal_Gpo08.cpp
C:\Users\roal0\OneDrive - UNIVERSIDAD NACIONAL AUTÓNOMA DE MÉXICO\Documents\GitHub\Nueva carpeta\PF_CGEIH_Teoria\ProyectoFinal\mesh.h(88,50): warning C4267: 'argumento': conversión de 'size_t' a 'GLsizei'; posible pérdida de datos
  (compilando archivo de origen "318126218_ProyectoFinal_Gpo08.cpp")
  
C:\Users\roal0\OneDrive - UNIVERSIDAD NACIONAL AUTÓNOMA DE MÉXICO\Documents\GitHub\Nueva carpeta\PF_CGEIH_Teoria\ProyectoFinal\318126218_ProyectoFinal_Gpo08.cpp(395,24): warning C4244: 'inicializando': conversión de 'double' a 'GLfloat'; posible pérdida de datos
C:\Users\roal0\OneDrive - UNIVERSIDAD NACIONAL AUTÓNOMA DE MÉXICO\Documents\GitHub\Nueva carpeta\PF_CGEIH_Teoria\ProyectoFinal\318126218_ProyectoFinal_Gpo08.cpp(430,101): warning C4305: 'argumento': truncamiento de 'double' a 'GLfloat'
C:\Users\roal0\OneDrive - UNIVERSIDAD NACIONAL AUTÓNOMA DE MÉXICO\Documents\GitHub\Nueva carpeta\PF_CGEIH_Teoria\ProyectoFinal\318126218_ProyectoFinal_Gpo08.cpp(430,95): warning C4305: 'argumento': truncamiento de 'double' a 'GLfloat'
C:\Users\roal0\OneDrive - UNIVERSIDAD NACIONAL AUTÓNOMA DE MÉXICO\Documents\GitHub\Nueva carpeta\PF_CGEIH_Teoria\ProyectoFinal\318126218_ProyectoFinal_Gpo08.cpp(430,88): warning C4305: 'argumento': truncamiento de 'double' a 'GLfloat'
C:\Users\roal0\OneDrive - UNIVERSIDAD NACIONAL AUTÓNOMA DE MÉXICO\Documents\GitHub\Nueva carpeta\PF_CGEIH_Teoria\ProyectoFinal\318126218_ProyectoFinal_Gpo08.cpp(436,89): warning C4305: 'argumento': truncamiento de 'double' a 'GLfloat'
C:\Users\roal0\OneDrive - UNIVERSIDAD NACIONAL AUTÓNOMA DE MÉXICO\Documents\GitHub\Nueva carpeta\PF_CGEIH_Teoria\ProyectoFinal\318126218_ProyectoFinal_Gpo08.cpp(439,95): warning C4305: 'argumento': truncamiento de 'double' a 'GLfloat'
C:\Users\roal0\OneDrive - UNIVERSIDAD NACIONAL AUTÓNOMA DE MÉXICO\Documents\GitHub\Nueva carpeta\PF_CGEIH_Teoria\ProyectoFinal\318126218_ProyectoFinal_Gpo08.cpp(439,89): warning C4305: 'argumento': truncamiento de 'double' a 'GLfloat'
C:\Users\roal0\OneDrive - UNIVERSIDAD NACIONAL AUTÓNOMA DE MÉXICO\Documents\GitHub\Nueva carpeta\PF_CGEIH_Teoria\ProyectoFinal\318126218_ProyectoFinal_Gpo08.cpp(448,94): warning C4305: 'argumento': truncamiento de 'double' a 'GLfloat'
C:\Users\roal0\OneDrive - UNIVERSIDAD NACIONAL AUTÓNOMA DE MÉXICO\Documents\GitHub\Nueva carpeta\PF_CGEIH_Teoria\ProyectoFinal\318126218_ProyectoFinal_Gpo08.cpp(448,88): warning C4305: 'argumento': truncamiento de 'double' a 'GLfloat'
C:\Users\roal0\OneDrive - UNIVERSIDAD NACIONAL AUTÓNOMA DE MÉXICO\Documents\GitHub\Nueva carpeta\PF_CGEIH_Teoria\ProyectoFinal\318126218_ProyectoFinal_Gpo08.cpp(809,26): warning C4244: '=': conversión de 'double' a 'float'; posible pérdida de datos
C:\Users\roal0\OneDrive - UNIVERSIDAD NACIONAL AUTÓNOMA DE MÉXICO\Documents\GitHub\Nueva carpeta\PF_CGEIH_Teoria\ProyectoFinal\318126218_ProyectoFinal_Gpo08.cpp(826,26): warning C4244: '=': conversión de 'double' a 'float'; posible pérdida de datos
C:\Users\roal0\OneDrive - UNIVERSIDAD NACIONAL AUTÓNOMA DE MÉXICO\Documents\GitHub\Nueva carpeta\PF_CGEIH_Teoria\ProyectoFinal\318126218_ProyectoFinal_Gpo08.cpp(840,26): warning C4244: '=': conversión de 'double' a 'float'; posible pérdida de datos
C:\Users\roal0\OneDrive - UNIVERSIDAD NACIONAL AUTÓNOMA DE MÉXICO\Documents\GitHub\Nueva carpeta\PF_CGEIH_Teoria\ProyectoFinal\318126218_ProyectoFinal_Gpo08.cpp(856,27): warning C4244: '=': conversión de 'double' a 'float'; posible pérdida de datos
C:\Users\roal0\OneDrive - UNIVERSIDAD NACIONAL AUTÓNOMA DE MÉXICO\Documents\GitHub\Nueva carpeta\PF_CGEIH_Teoria\ProyectoFinal\318126218_ProyectoFinal_Gpo08.cpp(926,15): warning C4305: '+=': truncamiento de 'double' a 'float'
C:\Users\roal0\OneDrive - UNIVERSIDAD NACIONAL AUTÓNOMA DE MÉXICO\Documents\GitHub\Nueva carpeta\PF_CGEIH_Teoria\ProyectoFinal\318126218_ProyectoFinal_Gpo08.cpp(933,15): warning C4305: '-=': truncamiento de 'double' a 'float'
C:\Users\roal0\OneDrive - UNIVERSIDAD NACIONAL AUTÓNOMA DE MÉXICO\Documents\GitHub\Nueva carpeta\PF_CGEIH_Teoria\ProyectoFinal\318126218_ProyectoFinal_Gpo08.cpp(939,15): warning C4305: '+=': truncamiento de 'double' a 'float'
C:\Users\roal0\OneDrive - UNIVERSIDAD NACIONAL AUTÓNOMA DE MÉXICO\Documents\GitHub\Nueva carpeta\PF_CGEIH_Teoria\ProyectoFinal\318126218_ProyectoFinal_Gpo08.cpp(945,15): warning C4305: '-=': truncamiento de 'double' a 'float'
C:\Users\roal0\OneDrive - UNIVERSIDAD NACIONAL AUTÓNOMA DE MÉXICO\Documents\GitHub\Nueva carpeta\PF_CGEIH_Teoria\ProyectoFinal\318126218_ProyectoFinal_Gpo08.cpp(1005,20): warning C4244: '=': conversión de 'double' a 'float'; posible pérdida de datos
C:\Users\roal0\OneDrive - UNIVERSIDAD NACIONAL AUTÓNOMA DE MÉXICO\Documents\GitHub\Nueva carpeta\PF_CGEIH_Teoria\ProyectoFinal\318126218_ProyectoFinal_Gpo08.cpp(1013,20): warning C4244: '=': conversión de 'double' a 'float'; posible pérdida de datos
C:\Users\roal0\OneDrive - UNIVERSIDAD NACIONAL AUTÓNOMA DE MÉXICO\Documents\GitHub\Nueva carpeta\PF_CGEIH_Teoria\ProyectoFinal\318126218_ProyectoFinal_Gpo08.cpp(1014,22): warning C4244: '=': conversión de 'double' a 'float'; posible pérdida de datos
C:\Users\roal0\OneDrive - UNIVERSIDAD NACIONAL AUTÓNOMA DE MÉXICO\Documents\GitHub\Nueva carpeta\PF_CGEIH_Teoria\ProyectoFinal\318126218_ProyectoFinal_Gpo08.cpp(1026,20): warning C4244: '=': conversión de 'double' a 'float'; posible pérdida de datos
C:\Users\roal0\OneDrive - UNIVERSIDAD NACIONAL AUTÓNOMA DE MÉXICO\Documents\GitHub\Nueva carpeta\PF_CGEIH_Teoria\ProyectoFinal\318126218_ProyectoFinal_Gpo08.cpp(1027,22): warning C4244: '=': conversión de 'double' a 'float'; posible pérdida de datos
C:\Users\roal0\OneDrive - UNIVERSIDAD NACIONAL AUTÓNOMA DE MÉXICO\Documents\GitHub\Nueva carpeta\PF_CGEIH_Teoria\ProyectoFinal\318126218_ProyectoFinal_Gpo08.cpp(1039,22): warning C4244: '=': conversión de 'double' a 'float'; posible pérdida de datos
C:\Users\roal0\OneDrive - UNIVERSIDAD NACIONAL AUTÓNOMA DE MÉXICO\Documents\GitHub\Nueva carpeta\PF_CGEIH_Teoria\ProyectoFinal\318126218_ProyectoFinal_Gpo08.cpp(1049,22): warning C4244: '=': conversión de 'double' a 'float'; posible pérdida de datos
C:\Users\roal0\OneDrive - UNIVERSIDAD NACIONAL AUTÓNOMA DE MÉXICO\Documents\GitHub\Nueva carpeta\PF_CGEIH_Teoria\ProyectoFinal\318126218_ProyectoFinal_Gpo08.cpp(1069,19): warning C4244: '=': conversión de 'double' a 'float'; posible pérdida de datos
C:\Users\roal0\OneDrive - UNIVERSIDAD NACIONAL AUTÓNOMA DE MÉXICO\Documents\GitHub\Nueva carpeta\PF_CGEIH_Teoria\ProyectoFinal\318126218_ProyectoFinal_Gpo08.cpp(1077,19): warning C4244: '=': conversión de 'double' a 'float'; posible pérdida de datos
C:\Users\roal0\OneDrive - UNIVERSIDAD NACIONAL AUTÓNOMA DE MÉXICO\Documents\GitHub\Nueva carpeta\PF_CGEIH_Teoria\ProyectoFinal\318126218_ProyectoFinal_Gpo08.cpp(1191,11): warning C4244: '=': conversión de 'double' a 'GLfloat'; posible pérdida de datos
C:\Users\roal0\OneDrive - UNIVERSIDAD NACIONAL AUTÓNOMA DE MÉXICO\Documents\GitHub\Nueva carpeta\PF_CGEIH_Teoria\ProyectoFinal\318126218_ProyectoFinal_Gpo08.cpp(1192,11): warning C4244: '=': conversión de 'double' a 'GLfloat'; posible pérdida de datos
C:\Users\roal0\OneDrive - UNIVERSIDAD NACIONAL AUTÓNOMA DE MÉXICO\Documents\GitHub\Nueva carpeta\PF_CGEIH_Teoria\ProyectoFinal\318126218_ProyectoFinal_Gpo08.cpp(1196,18): warning C4244: 'inicializando': conversión de 'double' a 'GLfloat'; posible pérdida de datos
C:\Users\roal0\OneDrive - UNIVERSIDAD NACIONAL AUTÓNOMA DE MÉXICO\Documents\GitHub\Nueva carpeta\PF_CGEIH_Teoria\ProyectoFinal\318126218_ProyectoFinal_Gpo08.cpp(1197,18): warning C4244: 'inicializando': conversión de 'double' a 'GLfloat'; posible pérdida de datos
C:\Users\roal0\OneDrive - UNIVERSIDAD NACIONAL AUTÓNOMA DE MÉXICO\Documents\GitHub\Nueva carpeta\PF_CGEIH_Teoria\ProyectoFinal\318126218_ProyectoFinal_Gpo08.cpp(1199,10): warning C4244: '=': conversión de 'double' a 'GLfloat'; posible pérdida de datos
C:\Users\roal0\OneDrive - UNIVERSIDAD NACIONAL AUTÓNOMA DE MÉXICO\Documents\GitHub\Nueva carpeta\PF_CGEIH_Teoria\ProyectoFinal\318126218_ProyectoFinal_Gpo08.cpp(1200,10): warning C4244: '=': conversión de 'double' a 'GLfloat'; posible pérdida de datos
LINK : fatal error LNK1104: no se puede abrir el archivo 'soil2-debug.lib'
