  318126218_ProyectoFinal_Gpo08.cpp
C:\Users\roal0\OneDrive - UNIVERSIDAD NACIONAL AUTÓNOMA DE MÉXICO\Documents\GitHub\Proyecto_CGEIHC_Teoria\ProyectoFinal\318126218_ProyectoFinal_Gpo08.cpp(441,24): warning C4244: 'inicializando': conversión de 'double' a 'GLfloat'; posible pérdida de datos
C:\Users\roal0\OneDrive - UNIVERSIDAD NACIONAL AUTÓNOMA DE MÉXICO\Documents\GitHub\Proyecto_CGEIHC_Teoria\ProyectoFinal\318126218_ProyectoFinal_Gpo08.cpp(476,101): warning C4305: 'argumento': truncamiento de 'double' a 'GLfloat'
C:\Users\roal0\OneDrive - UNIVERSIDAD NACIONAL AUTÓNOMA DE MÉXICO\Documents\GitHub\Proyecto_CGEIHC_Teoria\ProyectoFinal\318126218_ProyectoFinal_Gpo08.cpp(476,95): warning C4305: 'argumento': truncamiento de 'double' a 'GLfloat'
C:\Users\roal0\OneDrive - UNIVERSIDAD NACIONAL AUTÓNOMA DE MÉXICO\Documents\GitHub\Proyecto_CGEIHC_Teoria\ProyectoFinal\318126218_ProyectoFinal_Gpo08.cpp(476,88): warning C4305: 'argumento': truncamiento de 'double' a 'GLfloat'
C:\Users\roal0\OneDrive - UNIVERSIDAD NACIONAL AUTÓNOMA DE MÉXICO\Documents\GitHub\Proyecto_CGEIHC_Teoria\ProyectoFinal\318126218_ProyectoFinal_Gpo08.cpp(482,89): warning C4305: 'argumento': truncamiento de 'double' a 'GLfloat'
C:\Users\roal0\OneDrive - UNIVERSIDAD NACIONAL AUTÓNOMA DE MÉXICO\Documents\GitHub\Proyecto_CGEIHC_Teoria\ProyectoFinal\318126218_ProyectoFinal_Gpo08.cpp(485,95): warning C4305: 'argumento': truncamiento de 'double' a 'GLfloat'
C:\Users\roal0\OneDrive - UNIVERSIDAD NACIONAL AUTÓNOMA DE MÉXICO\Documents\GitHub\Proyecto_CGEIHC_Teoria\ProyectoFinal\318126218_ProyectoFinal_Gpo08.cpp(485,89): warning C4305: 'argumento': truncamiento de 'double' a 'GLfloat'
C:\Users\roal0\OneDrive - UNIVERSIDAD NACIONAL AUTÓNOMA DE MÉXICO\Documents\GitHub\Proyecto_CGEIHC_Teoria\ProyectoFinal\318126218_ProyectoFinal_Gpo08.cpp(494,94): warning C4305: 'argumento': truncamiento de 'double' a 'GLfloat'
C:\Users\roal0\OneDrive - UNIVERSIDAD NACIONAL AUTÓNOMA DE MÉXICO\Documents\GitHub\Proyecto_CGEIHC_Teoria\ProyectoFinal\318126218_ProyectoFinal_Gpo08.cpp(494,88): warning C4305: 'argumento': truncamiento de 'double' a 'GLfloat'
C:\Users\roal0\OneDrive - UNIVERSIDAD NACIONAL AUTÓNOMA DE MÉXICO\Documents\GitHub\Proyecto_CGEIHC_Teoria\ProyectoFinal\318126218_ProyectoFinal_Gpo08.cpp(996,26): warning C4244: '=': conversión de 'double' a 'float'; posible pérdida de datos
C:\Users\roal0\OneDrive - UNIVERSIDAD NACIONAL AUTÓNOMA DE MÉXICO\Documents\GitHub\Proyecto_CGEIHC_Teoria\ProyectoFinal\318126218_ProyectoFinal_Gpo08.cpp(1013,26): warning C4244: '=': conversión de 'double' a 'float'; posible pérdida de datos
C:\Users\roal0\OneDrive - UNIVERSIDAD NACIONAL AUTÓNOMA DE MÉXICO\Documents\GitHub\Proyecto_CGEIHC_Teoria\ProyectoFinal\318126218_ProyectoFinal_Gpo08.cpp(1027,26): warning C4244: '=': conversión de 'double' a 'float'; posible pérdida de datos
C:\Users\roal0\OneDrive - UNIVERSIDAD NACIONAL AUTÓNOMA DE MÉXICO\Documents\GitHub\Proyecto_CGEIHC_Teoria\ProyectoFinal\318126218_ProyectoFinal_Gpo08.cpp(1043,27): warning C4244: '=': conversión de 'double' a 'float'; posible pérdida de datos
C:\Users\roal0\OneDrive - UNIVERSIDAD NACIONAL AUTÓNOMA DE MÉXICO\Documents\GitHub\Proyecto_CGEIHC_Teoria\ProyectoFinal\318126218_ProyectoFinal_Gpo08.cpp(1113,15): warning C4305: '+=': truncamiento de 'double' a 'float'
C:\Users\roal0\OneDrive - UNIVERSIDAD NACIONAL AUTÓNOMA DE MÉXICO\Documents\GitHub\Proyecto_CGEIHC_Teoria\ProyectoFinal\318126218_ProyectoFinal_Gpo08.cpp(1120,15): warning C4305: '-=': truncamiento de 'double' a 'float'
C:\Users\roal0\OneDrive - UNIVERSIDAD NACIONAL AUTÓNOMA DE MÉXICO\Documents\GitHub\Proyecto_CGEIHC_Teoria\ProyectoFinal\318126218_ProyectoFinal_Gpo08.cpp(1126,15): warning C4305: '+=': truncamiento de 'double' a 'float'
C:\Users\roal0\OneDrive - UNIVERSIDAD NACIONAL AUTÓNOMA DE MÉXICO\Documents\GitHub\Proyecto_CGEIHC_Teoria\ProyectoFinal\318126218_ProyectoFinal_Gpo08.cpp(1132,15): warning C4305: '-=': truncamiento de 'double' a 'float'
C:\Users\roal0\OneDrive - UNIVERSIDAD NACIONAL AUTÓNOMA DE MÉXICO\Documents\GitHub\Proyecto_CGEIHC_Teoria\ProyectoFinal\318126218_ProyectoFinal_Gpo08.cpp(1192,20): warning C4244: '=': conversión de 'double' a 'float'; posible pérdida de datos
C:\Users\roal0\OneDrive - UNIVERSIDAD NACIONAL AUTÓNOMA DE MÉXICO\Documents\GitHub\Proyecto_CGEIHC_Teoria\ProyectoFinal\318126218_ProyectoFinal_Gpo08.cpp(1200,20): warning C4244: '=': conversión de 'double' a 'float'; posible pérdida de datos
C:\Users\roal0\OneDrive - UNIVERSIDAD NACIONAL AUTÓNOMA DE MÉXICO\Documents\GitHub\Proyecto_CGEIHC_Teoria\ProyectoFinal\318126218_ProyectoFinal_Gpo08.cpp(1201,22): warning C4244: '=': conversión de 'double' a 'float'; posible pérdida de datos
C:\Users\roal0\OneDrive - UNIVERSIDAD NACIONAL AUTÓNOMA DE MÉXICO\Documents\GitHub\Proyecto_CGEIHC_Teoria\ProyectoFinal\318126218_ProyectoFinal_Gpo08.cpp(1213,20): warning C4244: '=': conversión de 'double' a 'float'; posible pérdida de datos
C:\Users\roal0\OneDrive - UNIVERSIDAD NACIONAL AUTÓNOMA DE MÉXICO\Documents\GitHub\Proyecto_CGEIHC_Teoria\ProyectoFinal\318126218_ProyectoFinal_Gpo08.cpp(1214,22): warning C4244: '=': conversión de 'double' a 'float'; posible pérdida de datos
C:\Users\roal0\OneDrive - UNIVERSIDAD NACIONAL AUTÓNOMA DE MÉXICO\Documents\GitHub\Proyecto_CGEIHC_Teoria\ProyectoFinal\318126218_ProyectoFinal_Gpo08.cpp(1226,22): warning C4244: '=': conversión de 'double' a 'float'; posible pérdida de datos
C:\Users\roal0\OneDrive - UNIVERSIDAD NACIONAL AUTÓNOMA DE MÉXICO\Documents\GitHub\Proyecto_CGEIHC_Teoria\ProyectoFinal\318126218_ProyectoFinal_Gpo08.cpp(1236,22): warning C4244: '=': conversión de 'double' a 'float'; posible pérdida de datos
C:\Users\roal0\OneDrive - UNIVERSIDAD NACIONAL AUTÓNOMA DE MÉXICO\Documents\GitHub\Proyecto_CGEIHC_Teoria\ProyectoFinal\318126218_ProyectoFinal_Gpo08.cpp(1256,19): warning C4244: '=': conversión de 'double' a 'float'; posible pérdida de datos
C:\Users\roal0\OneDrive - UNIVERSIDAD NACIONAL AUTÓNOMA DE MÉXICO\Documents\GitHub\Proyecto_CGEIHC_Teoria\ProyectoFinal\318126218_ProyectoFinal_Gpo08.cpp(1264,19): warning C4244: '=': conversión de 'double' a 'float'; posible pérdida de datos
C:\Users\roal0\OneDrive - UNIVERSIDAD NACIONAL AUTÓNOMA DE MÉXICO\Documents\GitHub\Proyecto_CGEIHC_Teoria\ProyectoFinal\318126218_ProyectoFinal_Gpo08.cpp(1378,11): warning C4244: '=': conversión de 'double' a 'GLfloat'; posible pérdida de datos
C:\Users\roal0\OneDrive - UNIVERSIDAD NACIONAL AUTÓNOMA DE MÉXICO\Documents\GitHub\Proyecto_CGEIHC_Teoria\ProyectoFinal\318126218_ProyectoFinal_Gpo08.cpp(1379,11): warning C4244: '=': conversión de 'double' a 'GLfloat'; posible pérdida de datos
C:\Users\roal0\OneDrive - UNIVERSIDAD NACIONAL AUTÓNOMA DE MÉXICO\Documents\GitHub\Proyecto_CGEIHC_Teoria\ProyectoFinal\318126218_ProyectoFinal_Gpo08.cpp(1383,18): warning C4244: 'inicializando': conversión de 'double' a 'GLfloat'; posible pérdida de datos
C:\Users\roal0\OneDrive - UNIVERSIDAD NACIONAL AUTÓNOMA DE MÉXICO\Documents\GitHub\Proyecto_CGEIHC_Teoria\ProyectoFinal\318126218_ProyectoFinal_Gpo08.cpp(1384,18): warning C4244: 'inicializando': conversión de 'double' a 'GLfloat'; posible pérdida de datos
C:\Users\roal0\OneDrive - UNIVERSIDAD NACIONAL AUTÓNOMA DE MÉXICO\Documents\GitHub\Proyecto_CGEIHC_Teoria\ProyectoFinal\318126218_ProyectoFinal_Gpo08.cpp(1386,10): warning C4244: '=': conversión de 'double' a 'GLfloat'; posible pérdida de datos
C:\Users\roal0\OneDrive - UNIVERSIDAD NACIONAL AUTÓNOMA DE MÉXICO\Documents\GitHub\Proyecto_CGEIHC_Teoria\ProyectoFinal\318126218_ProyectoFinal_Gpo08.cpp(1387,10): warning C4244: '=': conversión de 'double' a 'GLfloat'; posible pérdida de datos
  LINK : no se encontró C:\Users\roal0\OneDrive - UNIVERSIDAD NACIONAL AUTÓNOMA DE MÉXICO\Documents\GitHub\Proyecto_CGEIHC_Teoria\Debug\ProyectoFinal.exe o no lo generó el último vínculo incremental; ejecutando vínculo completo
LINK : warning LNK4098: la biblioteca predeterminada'MSVCRT' entra en conflicto con otras bibliotecas; use la biblioteca /NODEFAULTLIB:biblioteca
soil2-debug.lib(etc1_utils.obj) : warning LNK4099: no se encontró PDB '' con 'soil2-debug.lib(etc1_utils.obj)' o en ''; se vinculará el objeto sin tener en cuenta información de depuración
soil2-debug.lib(image_DXT.obj) : warning LNK4099: no se encontró PDB '' con 'soil2-debug.lib(image_DXT.obj)' o en ''; se vinculará el objeto sin tener en cuenta información de depuración
soil2-debug.lib(image_helper.obj) : warning LNK4099: no se encontró PDB '' con 'soil2-debug.lib(image_helper.obj)' o en ''; se vinculará el objeto sin tener en cuenta información de depuración
soil2-debug.lib(SOIL2.obj) : warning LNK4099: no se encontró PDB '' con 'soil2-debug.lib(SOIL2.obj)' o en ''; se vinculará el objeto sin tener en cuenta información de depuración
  ProyectoFinal.vcxproj -> C:\Users\roal0\OneDrive - UNIVERSIDAD NACIONAL AUTÓNOMA DE MÉXICO\Documents\GitHub\Proyecto_CGEIHC_Teoria\Debug\ProyectoFinal.exe
